<?xml version="1.0" encoding="UTF-8"?>
<testsuite xmlns:xsi="http://www.w3.org/2001/XMLSchema-instance" xsi:noNamespaceSchemaLocation="https://maven.apache.org/surefire/maven-surefire-plugin/xsd/surefire-test-report.xsd" name="com.niit.test.CategoryDAOTestCase" time="5.543" tests="1" errors="1" skipped="0" failures="0">
  <properties>
[...]
</properties>
  <testcase name="com.niit.test.CategoryDAOTestCase" classname="com.niit.test.CategoryDAOTestCase" time="5.54">
    <error message="Error creating bean with name &apos;cartDAO&apos;: Injection of autowired dependencies failed; nested exception is org.springframework.beans.factory.BeanCreationException: Could not autowire field: org.hibernate.SessionFactory com.niit.dao.impl.CartDAOImpl.sessionFactory; nested exception is org.springframework.beans.factory.BeanCreationException: Error creating bean with name &apos;sessionFactory&apos; defined in com.niit.config.DBconfig: Bean instantiation via factory method failed; nested exception is org.springframework.beans.BeanInstantiationException: Failed to instantiate [org.hibernate.SessionFactory]: Factory method &apos;getSessionFactory&apos; threw exception; nested exception is java.lang.NoSuchMethodError: org.jboss.logging.Logger.debugf(Ljava/lang/String;I)V" type="org.springframework.beans.factory.BeanCreationException">org.springframework.beans.factory.BeanCreationException: Error creating bean with name 'cartDAO': Injection of autowired dependencies failed; nested exception is org.springframework.beans.factory.BeanCreationException: Could not autowire field: org.hibernate.SessionFactory com.niit.dao.impl.CartDAOImpl.sessionFactory; nested exception is org.springframework.beans.factory.BeanCreationException: Error creating bean with name 'sessionFactory' defined in com.niit.config.DBconfig: Bean instantiation via factory method failed; nested exception is org.springframework.beans.BeanInstantiationException: Failed to instantiate [org.hibernate.SessionFactory]: Factory method 'getSessionFactory' threw exception; nested exception is java.lang.NoSuchMethodError: org.jboss.logging.Logger.debugf(Ljava/lang/String;I)V
	at com.niit.test.CategoryDAOTestCase.executeFirst(CategoryDAOTestCase.java:23)
Caused by: org.springframework.beans.factory.BeanCreationException: Could not autowire field: org.hibernate.SessionFactory com.niit.dao.impl.CartDAOImpl.sessionFactory; nested exception is org.springframework.beans.factory.BeanCreationException: Error creating bean with name 'sessionFactory' defined in com.niit.config.DBconfig: Bean instantiation via factory method failed; nested exception is org.springframework.beans.BeanInstantiationException: Failed to instantiate [org.hibernate.SessionFactory]: Factory method 'getSessionFactory' threw exception; nested exception is java.lang.NoSuchMethodError: org.jboss.logging.Logger.debugf(Ljava/lang/String;I)V
	at com.niit.test.CategoryDAOTestCase.executeFirst(CategoryDAOTestCase.java:23)
Caused by: org.springframework.beans.factory.BeanCreationException: Error creating bean with name 'sessionFactory' defined in com.niit.config.DBconfig: Bean instantiation via factory method failed; nested exception is org.springframework.beans.BeanInstantiationException: Failed to instantiate [org.hibernate.SessionFactory]: Factory method 'getSessionFactory' threw exception; nested exception is java.lang.NoSuchMethodError: org.jboss.logging.Logger.debugf(Ljava/lang/String;I)V
	at com.niit.test.CategoryDAOTestCase.executeFirst(CategoryDAOTestCase.java:23)
Caused by: org.springframework.beans.BeanInstantiationException: Failed to instantiate [org.hibernate.SessionFactory]: Factory method 'getSessionFactory' threw exception; nested exception is java.lang.NoSuchMethodError: org.jboss.logging.Logger.debugf(Ljava/lang/String;I)V
	at com.niit.test.CategoryDAOTestCase.executeFirst(CategoryDAOTestCase.java:23)
Caused by: java.lang.NoSuchMethodError: org.jboss.logging.Logger.debugf(Ljava/lang/String;I)V
	at com.niit.test.CategoryDAOTestCase.executeFirst(CategoryDAOTestCase.java:23)
</error>
    <system-out><![CDATA[---DataSource Object is Created----
---SessionFactory Object  Created ----
]]></system-out>
    <system-err><![CDATA[Jan 10, 2019 1:32:41 PM org.springframework.context.annotation.AnnotationConfigApplicationContext prepareRefresh
INFO: Refreshing org.springframework.context.annotation.AnnotationConfigApplicationContext@33a10788: startup date [Thu Jan 10 13:32:41 NPT 2019]; root of context hierarchy
Jan 10, 2019 1:32:42 PM org.springframework.jdbc.datasource.DriverManagerDataSource setDriverClassName
INFO: Loaded JDBC driver: org.h2.Driver
Jan 10, 2019 1:32:42 PM org.hibernate.Version logVersion
INFO: HHH000412: Hibernate Core {5.3.7.Final}
Jan 10, 2019 1:32:43 PM org.hibernate.cfg.Environment <clinit>
INFO: HHH000206: hibernate.properties not found
Jan 10, 2019 1:32:43 PM org.hibernate.annotations.common.reflection.java.JavaReflectionManager <clinit>
INFO: HCANN000001: Hibernate Commons Annotations {5.0.4.Final}
Jan 10, 2019 1:32:43 PM org.hibernate.dialect.Dialect <init>
INFO: HHH000400: Using dialect: org.hibernate.dialect.H2Dialect
Jan 10, 2019 1:32:47 PM org.springframework.context.annotation.AnnotationConfigApplicationContext refresh
WARNING: Exception encountered during context initialization - cancelling refresh attempt: org.springframework.beans.factory.BeanCreationException: Error creating bean with name 'cartDAO': Injection of autowired dependencies failed; nested exception is org.springframework.beans.factory.BeanCreationException: Could not autowire field: org.hibernate.SessionFactory com.niit.dao.impl.CartDAOImpl.sessionFactory; nested exception is org.springframework.beans.factory.BeanCreationException: Error creating bean with name 'sessionFactory' defined in com.niit.config.DBconfig: Bean instantiation via factory method failed; nested exception is org.springframework.beans.BeanInstantiationException: Failed to instantiate [org.hibernate.SessionFactory]: Factory method 'getSessionFactory' threw exception; nested exception is java.lang.NoSuchMethodError: org.jboss.logging.Logger.debugf(Ljava/lang/String;I)V
]]></system-err>
  </testcase>
</testsuite>